The system is: FreeBSD - 10.3-STABLE - amd64
Compiling the C compiler identification source file "CMakeCCompilerId.c" succeeded.
Compiler: /usr/bin/cc 
Build flags: 
Id flags: 

The output was:
0


Compilation of the C compiler identification source "CMakeCCompilerId.c" produced "a.out"

The C compiler identification is Clang, found in "/home/leo/src/pong/CMakeFiles/3.7.2/CompilerIdC/a.out"

Compiling the CXX compiler identification source file "CMakeCXXCompilerId.cpp" succeeded.
Compiler: /usr/bin/CC 
Build flags: 
Id flags: 

The output was:
0


Compilation of the CXX compiler identification source "CMakeCXXCompilerId.cpp" produced "a.out"

The CXX compiler identification is Clang, found in "/home/leo/src/pong/CMakeFiles/3.7.2/CompilerIdCXX/a.out"

Determining if the C compiler works passed with the following output:
Change Dir: /home/leo/src/pong/CMakeFiles/CMakeTmp

Run Build Command:"/usr/local/bin/gmake" "cmTC_a86e1/fast"
/usr/local/bin/gmake -f CMakeFiles/cmTC_a86e1.dir/build.make CMakeFiles/cmTC_a86e1.dir/build
gmake[1]: Entering directory '/usr/home/leo/src/pong/CMakeFiles/CMakeTmp'
Building C object CMakeFiles/cmTC_a86e1.dir/testCCompiler.c.o
/usr/bin/cc     -o CMakeFiles/cmTC_a86e1.dir/testCCompiler.c.o   -c /home/leo/src/pong/CMakeFiles/CMakeTmp/testCCompiler.c
Linking C executable cmTC_a86e1
/usr/local/bin/cmake -E cmake_link_script CMakeFiles/cmTC_a86e1.dir/link.txt --verbose=1
/usr/bin/cc       CMakeFiles/cmTC_a86e1.dir/testCCompiler.c.o  -o cmTC_a86e1  
gmake[1]: Leaving directory '/usr/home/leo/src/pong/CMakeFiles/CMakeTmp'


Detecting C compiler ABI info compiled with the following output:
Change Dir: /home/leo/src/pong/CMakeFiles/CMakeTmp

Run Build Command:"/usr/local/bin/gmake" "cmTC_83dbd/fast"
/usr/local/bin/gmake -f CMakeFiles/cmTC_83dbd.dir/build.make CMakeFiles/cmTC_83dbd.dir/build
gmake[1]: Entering directory '/usr/home/leo/src/pong/CMakeFiles/CMakeTmp'
Building C object CMakeFiles/cmTC_83dbd.dir/CMakeCCompilerABI.c.o
/usr/bin/cc     -o CMakeFiles/cmTC_83dbd.dir/CMakeCCompilerABI.c.o   -c /usr/local/share/cmake/Modules/CMakeCCompilerABI.c
Linking C executable cmTC_83dbd
/usr/local/bin/cmake -E cmake_link_script CMakeFiles/cmTC_83dbd.dir/link.txt --verbose=1
/usr/bin/cc      -v CMakeFiles/cmTC_83dbd.dir/CMakeCCompilerABI.c.o  -o cmTC_83dbd   
FreeBSD clang version 3.4.1 (tags/RELEASE_34/dot1-final 208032) 20140512
Target: x86_64-unknown-freebsd10.3
Thread model: posix
Selected GCC installation: 
 "/usr/bin/ld" --eh-frame-hdr -dynamic-linker /libexec/ld-elf.so.1 --hash-style=both --enable-new-dtags -o cmTC_83dbd /usr/lib/crt1.o /usr/lib/crti.o /usr/lib/crtbegin.o -L/usr/lib CMakeFiles/cmTC_83dbd.dir/CMakeCCompilerABI.c.o -lgcc --as-needed -lgcc_s --no-as-needed -lc -lgcc --as-needed -lgcc_s --no-as-needed /usr/lib/crtend.o /usr/lib/crtn.o
gmake[1]: Leaving directory '/usr/home/leo/src/pong/CMakeFiles/CMakeTmp'


Parsed C implicit link information from above output:
  link line regex: [^( *|.*[/\])(ld|([^/\]+-)?ld|collect2)[^/\]*( |$)]
  ignore line: [Change Dir: /home/leo/src/pong/CMakeFiles/CMakeTmp]
  ignore line: []
  ignore line: [Run Build Command:"/usr/local/bin/gmake" "cmTC_83dbd/fast"]
  ignore line: [/usr/local/bin/gmake -f CMakeFiles/cmTC_83dbd.dir/build.make CMakeFiles/cmTC_83dbd.dir/build]
  ignore line: [gmake[1]: Entering directory '/usr/home/leo/src/pong/CMakeFiles/CMakeTmp']
  ignore line: [Building C object CMakeFiles/cmTC_83dbd.dir/CMakeCCompilerABI.c.o]
  ignore line: [/usr/bin/cc     -o CMakeFiles/cmTC_83dbd.dir/CMakeCCompilerABI.c.o   -c /usr/local/share/cmake/Modules/CMakeCCompilerABI.c]
  ignore line: [Linking C executable cmTC_83dbd]
  ignore line: [/usr/local/bin/cmake -E cmake_link_script CMakeFiles/cmTC_83dbd.dir/link.txt --verbose=1]
  ignore line: [/usr/bin/cc      -v CMakeFiles/cmTC_83dbd.dir/CMakeCCompilerABI.c.o  -o cmTC_83dbd   ]
  ignore line: [FreeBSD clang version 3.4.1 (tags/RELEASE_34/dot1-final 208032) 20140512]
  ignore line: [Target: x86_64-unknown-freebsd10.3]
  ignore line: [Thread model: posix]
  ignore line: [Selected GCC installation: ]
  link line: [ "/usr/bin/ld" --eh-frame-hdr -dynamic-linker /libexec/ld-elf.so.1 --hash-style=both --enable-new-dtags -o cmTC_83dbd /usr/lib/crt1.o /usr/lib/crti.o /usr/lib/crtbegin.o -L/usr/lib CMakeFiles/cmTC_83dbd.dir/CMakeCCompilerABI.c.o -lgcc --as-needed -lgcc_s --no-as-needed -lc -lgcc --as-needed -lgcc_s --no-as-needed /usr/lib/crtend.o /usr/lib/crtn.o]
    arg [/usr/bin/ld] ==> ignore
    arg [--eh-frame-hdr] ==> ignore
    arg [-dynamic-linker] ==> ignore
    arg [/libexec/ld-elf.so.1] ==> ignore
    arg [--hash-style=both] ==> ignore
    arg [--enable-new-dtags] ==> ignore
    arg [-o] ==> ignore
    arg [cmTC_83dbd] ==> ignore
    arg [/usr/lib/crt1.o] ==> ignore
    arg [/usr/lib/crti.o] ==> ignore
    arg [/usr/lib/crtbegin.o] ==> ignore
    arg [-L/usr/lib] ==> dir [/usr/lib]
    arg [CMakeFiles/cmTC_83dbd.dir/CMakeCCompilerABI.c.o] ==> ignore
    arg [-lgcc] ==> lib [gcc]
    arg [--as-needed] ==> ignore
    arg [-lgcc_s] ==> lib [gcc_s]
    arg [--no-as-needed] ==> ignore
    arg [-lc] ==> lib [c]
    arg [-lgcc] ==> lib [gcc]
    arg [--as-needed] ==> ignore
    arg [-lgcc_s] ==> lib [gcc_s]
    arg [--no-as-needed] ==> ignore
    arg [/usr/lib/crtend.o] ==> ignore
    arg [/usr/lib/crtn.o] ==> ignore
  remove lib [gcc]
  remove lib [gcc_s]
  remove lib [gcc]
  remove lib [gcc_s]
  collapse library dir [/usr/lib] ==> [/usr/lib]
  implicit libs: [c]
  implicit dirs: [/usr/lib]
  implicit fwks: []




Detecting C [-std=c11] compiler features compiled with the following output:
Change Dir: /home/leo/src/pong/CMakeFiles/CMakeTmp

Run Build Command:"/usr/local/bin/gmake" "cmTC_87daf/fast"
/usr/local/bin/gmake -f CMakeFiles/cmTC_87daf.dir/build.make CMakeFiles/cmTC_87daf.dir/build
gmake[1]: Entering directory '/usr/home/leo/src/pong/CMakeFiles/CMakeTmp'
Building C object CMakeFiles/cmTC_87daf.dir/feature_tests.c.o
/usr/bin/cc    -std=c11 -o CMakeFiles/cmTC_87daf.dir/feature_tests.c.o   -c /home/leo/src/pong/CMakeFiles/feature_tests.c
Linking C executable cmTC_87daf
/usr/local/bin/cmake -E cmake_link_script CMakeFiles/cmTC_87daf.dir/link.txt --verbose=1
/usr/bin/cc       CMakeFiles/cmTC_87daf.dir/feature_tests.c.o  -o cmTC_87daf  
gmake[1]: Leaving directory '/usr/home/leo/src/pong/CMakeFiles/CMakeTmp'


    Feature record: C_FEATURE:1c_function_prototypes
    Feature record: C_FEATURE:1c_restrict
    Feature record: C_FEATURE:1c_static_assert
    Feature record: C_FEATURE:1c_variadic_macros


Detecting C [-std=c99] compiler features compiled with the following output:
Change Dir: /home/leo/src/pong/CMakeFiles/CMakeTmp

Run Build Command:"/usr/local/bin/gmake" "cmTC_19bbf/fast"
/usr/local/bin/gmake -f CMakeFiles/cmTC_19bbf.dir/build.make CMakeFiles/cmTC_19bbf.dir/build
gmake[1]: Entering directory '/usr/home/leo/src/pong/CMakeFiles/CMakeTmp'
Building C object CMakeFiles/cmTC_19bbf.dir/feature_tests.c.o
/usr/bin/cc    -std=c99 -o CMakeFiles/cmTC_19bbf.dir/feature_tests.c.o   -c /home/leo/src/pong/CMakeFiles/feature_tests.c
Linking C executable cmTC_19bbf
/usr/local/bin/cmake -E cmake_link_script CMakeFiles/cmTC_19bbf.dir/link.txt --verbose=1
/usr/bin/cc       CMakeFiles/cmTC_19bbf.dir/feature_tests.c.o  -o cmTC_19bbf  
gmake[1]: Leaving directory '/usr/home/leo/src/pong/CMakeFiles/CMakeTmp'


    Feature record: C_FEATURE:1c_function_prototypes
    Feature record: C_FEATURE:1c_restrict
    Feature record: C_FEATURE:0c_static_assert
    Feature record: C_FEATURE:1c_variadic_macros


Detecting C [-std=c90] compiler features compiled with the following output:
Change Dir: /home/leo/src/pong/CMakeFiles/CMakeTmp

Run Build Command:"/usr/local/bin/gmake" "cmTC_ca76e/fast"
/usr/local/bin/gmake -f CMakeFiles/cmTC_ca76e.dir/build.make CMakeFiles/cmTC_ca76e.dir/build
gmake[1]: Entering directory '/usr/home/leo/src/pong/CMakeFiles/CMakeTmp'
Building C object CMakeFiles/cmTC_ca76e.dir/feature_tests.c.o
/usr/bin/cc    -std=c90 -o CMakeFiles/cmTC_ca76e.dir/feature_tests.c.o   -c /home/leo/src/pong/CMakeFiles/feature_tests.c
Linking C executable cmTC_ca76e
/usr/local/bin/cmake -E cmake_link_script CMakeFiles/cmTC_ca76e.dir/link.txt --verbose=1
/usr/bin/cc       CMakeFiles/cmTC_ca76e.dir/feature_tests.c.o  -o cmTC_ca76e  
gmake[1]: Leaving directory '/usr/home/leo/src/pong/CMakeFiles/CMakeTmp'


    Feature record: C_FEATURE:1c_function_prototypes
    Feature record: C_FEATURE:0c_restrict
    Feature record: C_FEATURE:0c_static_assert
    Feature record: C_FEATURE:0c_variadic_macros
Determining if the CXX compiler works passed with the following output:
Change Dir: /home/leo/src/pong/CMakeFiles/CMakeTmp

Run Build Command:"/usr/local/bin/gmake" "cmTC_0813d/fast"
/usr/local/bin/gmake -f CMakeFiles/cmTC_0813d.dir/build.make CMakeFiles/cmTC_0813d.dir/build
gmake[1]: Entering directory '/usr/home/leo/src/pong/CMakeFiles/CMakeTmp'
Building CXX object CMakeFiles/cmTC_0813d.dir/testCXXCompiler.cxx.o
/usr/bin/CC      -o CMakeFiles/cmTC_0813d.dir/testCXXCompiler.cxx.o -c /home/leo/src/pong/CMakeFiles/CMakeTmp/testCXXCompiler.cxx
Linking CXX executable cmTC_0813d
/usr/local/bin/cmake -E cmake_link_script CMakeFiles/cmTC_0813d.dir/link.txt --verbose=1
/usr/bin/CC        CMakeFiles/cmTC_0813d.dir/testCXXCompiler.cxx.o  -o cmTC_0813d  
gmake[1]: Leaving directory '/usr/home/leo/src/pong/CMakeFiles/CMakeTmp'


Detecting CXX compiler ABI info compiled with the following output:
Change Dir: /home/leo/src/pong/CMakeFiles/CMakeTmp

Run Build Command:"/usr/local/bin/gmake" "cmTC_ae6cb/fast"
/usr/local/bin/gmake -f CMakeFiles/cmTC_ae6cb.dir/build.make CMakeFiles/cmTC_ae6cb.dir/build
gmake[1]: Entering directory '/usr/home/leo/src/pong/CMakeFiles/CMakeTmp'
Building CXX object CMakeFiles/cmTC_ae6cb.dir/CMakeCXXCompilerABI.cpp.o
/usr/bin/CC      -o CMakeFiles/cmTC_ae6cb.dir/CMakeCXXCompilerABI.cpp.o -c /usr/local/share/cmake/Modules/CMakeCXXCompilerABI.cpp
Linking CXX executable cmTC_ae6cb
/usr/local/bin/cmake -E cmake_link_script CMakeFiles/cmTC_ae6cb.dir/link.txt --verbose=1
/usr/bin/CC       -v CMakeFiles/cmTC_ae6cb.dir/CMakeCXXCompilerABI.cpp.o  -o cmTC_ae6cb   
FreeBSD clang version 3.4.1 (tags/RELEASE_34/dot1-final 208032) 20140512
Target: x86_64-unknown-freebsd10.3
Thread model: posix
Selected GCC installation: 
 "/usr/bin/ld" --eh-frame-hdr -dynamic-linker /libexec/ld-elf.so.1 --hash-style=both --enable-new-dtags -o cmTC_ae6cb /usr/lib/crt1.o /usr/lib/crti.o /usr/lib/crtbegin.o -L/usr/lib CMakeFiles/cmTC_ae6cb.dir/CMakeCXXCompilerABI.cpp.o -lc++ -lm -lgcc --as-needed -lgcc_s --no-as-needed -lc -lgcc --as-needed -lgcc_s --no-as-needed /usr/lib/crtend.o /usr/lib/crtn.o
gmake[1]: Leaving directory '/usr/home/leo/src/pong/CMakeFiles/CMakeTmp'


Parsed CXX implicit link information from above output:
  link line regex: [^( *|.*[/\])(ld|([^/\]+-)?ld|collect2)[^/\]*( |$)]
  ignore line: [Change Dir: /home/leo/src/pong/CMakeFiles/CMakeTmp]
  ignore line: []
  ignore line: [Run Build Command:"/usr/local/bin/gmake" "cmTC_ae6cb/fast"]
  ignore line: [/usr/local/bin/gmake -f CMakeFiles/cmTC_ae6cb.dir/build.make CMakeFiles/cmTC_ae6cb.dir/build]
  ignore line: [gmake[1]: Entering directory '/usr/home/leo/src/pong/CMakeFiles/CMakeTmp']
  ignore line: [Building CXX object CMakeFiles/cmTC_ae6cb.dir/CMakeCXXCompilerABI.cpp.o]
  ignore line: [/usr/bin/CC      -o CMakeFiles/cmTC_ae6cb.dir/CMakeCXXCompilerABI.cpp.o -c /usr/local/share/cmake/Modules/CMakeCXXCompilerABI.cpp]
  ignore line: [Linking CXX executable cmTC_ae6cb]
  ignore line: [/usr/local/bin/cmake -E cmake_link_script CMakeFiles/cmTC_ae6cb.dir/link.txt --verbose=1]
  ignore line: [/usr/bin/CC       -v CMakeFiles/cmTC_ae6cb.dir/CMakeCXXCompilerABI.cpp.o  -o cmTC_ae6cb   ]
  ignore line: [FreeBSD clang version 3.4.1 (tags/RELEASE_34/dot1-final 208032) 20140512]
  ignore line: [Target: x86_64-unknown-freebsd10.3]
  ignore line: [Thread model: posix]
  ignore line: [Selected GCC installation: ]
  link line: [ "/usr/bin/ld" --eh-frame-hdr -dynamic-linker /libexec/ld-elf.so.1 --hash-style=both --enable-new-dtags -o cmTC_ae6cb /usr/lib/crt1.o /usr/lib/crti.o /usr/lib/crtbegin.o -L/usr/lib CMakeFiles/cmTC_ae6cb.dir/CMakeCXXCompilerABI.cpp.o -lc++ -lm -lgcc --as-needed -lgcc_s --no-as-needed -lc -lgcc --as-needed -lgcc_s --no-as-needed /usr/lib/crtend.o /usr/lib/crtn.o]
    arg [/usr/bin/ld] ==> ignore
    arg [--eh-frame-hdr] ==> ignore
    arg [-dynamic-linker] ==> ignore
    arg [/libexec/ld-elf.so.1] ==> ignore
    arg [--hash-style=both] ==> ignore
    arg [--enable-new-dtags] ==> ignore
    arg [-o] ==> ignore
    arg [cmTC_ae6cb] ==> ignore
    arg [/usr/lib/crt1.o] ==> ignore
    arg [/usr/lib/crti.o] ==> ignore
    arg [/usr/lib/crtbegin.o] ==> ignore
    arg [-L/usr/lib] ==> dir [/usr/lib]
    arg [CMakeFiles/cmTC_ae6cb.dir/CMakeCXXCompilerABI.cpp.o] ==> ignore
    arg [-lc++] ==> lib [c++]
    arg [-lm] ==> lib [m]
    arg [-lgcc] ==> lib [gcc]
    arg [--as-needed] ==> ignore
    arg [-lgcc_s] ==> lib [gcc_s]
    arg [--no-as-needed] ==> ignore
    arg [-lc] ==> lib [c]
    arg [-lgcc] ==> lib [gcc]
    arg [--as-needed] ==> ignore
    arg [-lgcc_s] ==> lib [gcc_s]
    arg [--no-as-needed] ==> ignore
    arg [/usr/lib/crtend.o] ==> ignore
    arg [/usr/lib/crtn.o] ==> ignore
  remove lib [gcc]
  remove lib [gcc_s]
  remove lib [gcc]
  remove lib [gcc_s]
  collapse library dir [/usr/lib] ==> [/usr/lib]
  implicit libs: [c++;m;c]
  implicit dirs: [/usr/lib]
  implicit fwks: []




Detecting CXX [-std=c++1y] compiler features compiled with the following output:
Change Dir: /home/leo/src/pong/CMakeFiles/CMakeTmp

Run Build Command:"/usr/local/bin/gmake" "cmTC_4cab3/fast"
/usr/local/bin/gmake -f CMakeFiles/cmTC_4cab3.dir/build.make CMakeFiles/cmTC_4cab3.dir/build
gmake[1]: Entering directory '/usr/home/leo/src/pong/CMakeFiles/CMakeTmp'
Building CXX object CMakeFiles/cmTC_4cab3.dir/feature_tests.cxx.o
/usr/bin/CC     -std=c++1y -o CMakeFiles/cmTC_4cab3.dir/feature_tests.cxx.o -c /home/leo/src/pong/CMakeFiles/feature_tests.cxx
Linking CXX executable cmTC_4cab3
/usr/local/bin/cmake -E cmake_link_script CMakeFiles/cmTC_4cab3.dir/link.txt --verbose=1
/usr/bin/CC        CMakeFiles/cmTC_4cab3.dir/feature_tests.cxx.o  -o cmTC_4cab3  
gmake[1]: Leaving directory '/usr/home/leo/src/pong/CMakeFiles/CMakeTmp'


    Feature record: CXX_FEATURE:1cxx_aggregate_default_initializers
    Feature record: CXX_FEATURE:1cxx_alias_templates
    Feature record: CXX_FEATURE:1cxx_alignas
    Feature record: CXX_FEATURE:1cxx_alignof
    Feature record: CXX_FEATURE:1cxx_attributes
    Feature record: CXX_FEATURE:1cxx_attribute_deprecated
    Feature record: CXX_FEATURE:1cxx_auto_type
    Feature record: CXX_FEATURE:1cxx_binary_literals
    Feature record: CXX_FEATURE:1cxx_constexpr
    Feature record: CXX_FEATURE:1cxx_contextual_conversions
    Feature record: CXX_FEATURE:1cxx_decltype
    Feature record: CXX_FEATURE:1cxx_decltype_auto
    Feature record: CXX_FEATURE:1cxx_decltype_incomplete_return_types
    Feature record: CXX_FEATURE:1cxx_default_function_template_args
    Feature record: CXX_FEATURE:1cxx_defaulted_functions
    Feature record: CXX_FEATURE:1cxx_defaulted_move_initializers
    Feature record: CXX_FEATURE:1cxx_delegating_constructors
    Feature record: CXX_FEATURE:1cxx_deleted_functions
    Feature record: CXX_FEATURE:1cxx_digit_separators
    Feature record: CXX_FEATURE:1cxx_enum_forward_declarations
    Feature record: CXX_FEATURE:1cxx_explicit_conversions
    Feature record: CXX_FEATURE:1cxx_extended_friend_declarations
    Feature record: CXX_FEATURE:1cxx_extern_templates
    Feature record: CXX_FEATURE:1cxx_final
    Feature record: CXX_FEATURE:1cxx_func_identifier
    Feature record: CXX_FEATURE:1cxx_generalized_initializers
    Feature record: CXX_FEATURE:1cxx_generic_lambdas
    Feature record: CXX_FEATURE:1cxx_inheriting_constructors
    Feature record: CXX_FEATURE:1cxx_inline_namespaces
    Feature record: CXX_FEATURE:1cxx_lambdas
    Feature record: CXX_FEATURE:1cxx_lambda_init_captures
    Feature record: CXX_FEATURE:1cxx_local_type_template_args
    Feature record: CXX_FEATURE:1cxx_long_long_type
    Feature record: CXX_FEATURE:1cxx_noexcept
    Feature record: CXX_FEATURE:1cxx_nonstatic_member_init
    Feature record: CXX_FEATURE:1cxx_nullptr
    Feature record: CXX_FEATURE:1cxx_override
    Feature record: CXX_FEATURE:1cxx_range_for
    Feature record: CXX_FEATURE:1cxx_raw_string_literals
    Feature record: CXX_FEATURE:1cxx_reference_qualified_functions
    Feature record: CXX_FEATURE:1cxx_relaxed_constexpr
    Feature record: CXX_FEATURE:1cxx_return_type_deduction
    Feature record: CXX_FEATURE:1cxx_right_angle_brackets
    Feature record: CXX_FEATURE:1cxx_rvalue_references
    Feature record: CXX_FEATURE:1cxx_sizeof_member
    Feature record: CXX_FEATURE:1cxx_static_assert
    Feature record: CXX_FEATURE:1cxx_strong_enums
    Feature record: CXX_FEATURE:1cxx_template_template_parameters
    Feature record: CXX_FEATURE:1cxx_thread_local
    Feature record: CXX_FEATURE:1cxx_trailing_return_types
    Feature record: CXX_FEATURE:1cxx_unicode_literals
    Feature record: CXX_FEATURE:1cxx_uniform_initialization
    Feature record: CXX_FEATURE:1cxx_unrestricted_unions
    Feature record: CXX_FEATURE:1cxx_user_literals
    Feature record: CXX_FEATURE:1cxx_variable_templates
    Feature record: CXX_FEATURE:1cxx_variadic_macros
    Feature record: CXX_FEATURE:1cxx_variadic_templates


Detecting CXX [-std=c++11] compiler features compiled with the following output:
Change Dir: /home/leo/src/pong/CMakeFiles/CMakeTmp

Run Build Command:"/usr/local/bin/gmake" "cmTC_50b7b/fast"
/usr/local/bin/gmake -f CMakeFiles/cmTC_50b7b.dir/build.make CMakeFiles/cmTC_50b7b.dir/build
gmake[1]: Entering directory '/usr/home/leo/src/pong/CMakeFiles/CMakeTmp'
Building CXX object CMakeFiles/cmTC_50b7b.dir/feature_tests.cxx.o
/usr/bin/CC     -std=c++11 -o CMakeFiles/cmTC_50b7b.dir/feature_tests.cxx.o -c /home/leo/src/pong/CMakeFiles/feature_tests.cxx
Linking CXX executable cmTC_50b7b
/usr/local/bin/cmake -E cmake_link_script CMakeFiles/cmTC_50b7b.dir/link.txt --verbose=1
/usr/bin/CC        CMakeFiles/cmTC_50b7b.dir/feature_tests.cxx.o  -o cmTC_50b7b  
gmake[1]: Leaving directory '/usr/home/leo/src/pong/CMakeFiles/CMakeTmp'


    Feature record: CXX_FEATURE:0cxx_aggregate_default_initializers
    Feature record: CXX_FEATURE:1cxx_alias_templates
    Feature record: CXX_FEATURE:1cxx_alignas
    Feature record: CXX_FEATURE:1cxx_alignof
    Feature record: CXX_FEATURE:1cxx_attributes
    Feature record: CXX_FEATURE:0cxx_attribute_deprecated
    Feature record: CXX_FEATURE:1cxx_auto_type
    Feature record: CXX_FEATURE:0cxx_binary_literals
    Feature record: CXX_FEATURE:1cxx_constexpr
    Feature record: CXX_FEATURE:0cxx_contextual_conversions
    Feature record: CXX_FEATURE:1cxx_decltype
    Feature record: CXX_FEATURE:0cxx_decltype_auto
    Feature record: CXX_FEATURE:1cxx_decltype_incomplete_return_types
    Feature record: CXX_FEATURE:1cxx_default_function_template_args
    Feature record: CXX_FEATURE:1cxx_defaulted_functions
    Feature record: CXX_FEATURE:1cxx_defaulted_move_initializers
    Feature record: CXX_FEATURE:1cxx_delegating_constructors
    Feature record: CXX_FEATURE:1cxx_deleted_functions
    Feature record: CXX_FEATURE:0cxx_digit_separators
    Feature record: CXX_FEATURE:1cxx_enum_forward_declarations
    Feature record: CXX_FEATURE:1cxx_explicit_conversions
    Feature record: CXX_FEATURE:1cxx_extended_friend_declarations
    Feature record: CXX_FEATURE:1cxx_extern_templates
    Feature record: CXX_FEATURE:1cxx_final
    Feature record: CXX_FEATURE:1cxx_func_identifier
    Feature record: CXX_FEATURE:1cxx_generalized_initializers
    Feature record: CXX_FEATURE:0cxx_generic_lambdas
    Feature record: CXX_FEATURE:1cxx_inheriting_constructors
    Feature record: CXX_FEATURE:1cxx_inline_namespaces
    Feature record: CXX_FEATURE:1cxx_lambdas
    Feature record: CXX_FEATURE:0cxx_lambda_init_captures
    Feature record: CXX_FEATURE:1cxx_local_type_template_args
    Feature record: CXX_FEATURE:1cxx_long_long_type
    Feature record: CXX_FEATURE:1cxx_noexcept
    Feature record: CXX_FEATURE:1cxx_nonstatic_member_init
    Feature record: CXX_FEATURE:1cxx_nullptr
    Feature record: CXX_FEATURE:1cxx_override
    Feature record: CXX_FEATURE:1cxx_range_for
    Feature record: CXX_FEATURE:1cxx_raw_string_literals
    Feature record: CXX_FEATURE:1cxx_reference_qualified_functions
    Feature record: CXX_FEATURE:0cxx_relaxed_constexpr
    Feature record: CXX_FEATURE:0cxx_return_type_deduction
    Feature record: CXX_FEATURE:1cxx_right_angle_brackets
    Feature record: CXX_FEATURE:1cxx_rvalue_references
    Feature record: CXX_FEATURE:1cxx_sizeof_member
    Feature record: CXX_FEATURE:1cxx_static_assert
    Feature record: CXX_FEATURE:1cxx_strong_enums
    Feature record: CXX_FEATURE:1cxx_template_template_parameters
    Feature record: CXX_FEATURE:1cxx_thread_local
    Feature record: CXX_FEATURE:1cxx_trailing_return_types
    Feature record: CXX_FEATURE:1cxx_unicode_literals
    Feature record: CXX_FEATURE:1cxx_uniform_initialization
    Feature record: CXX_FEATURE:1cxx_unrestricted_unions
    Feature record: CXX_FEATURE:1cxx_user_literals
    Feature record: CXX_FEATURE:0cxx_variable_templates
    Feature record: CXX_FEATURE:1cxx_variadic_macros
    Feature record: CXX_FEATURE:1cxx_variadic_templates


Detecting CXX [-std=c++98] compiler features compiled with the following output:
Change Dir: /home/leo/src/pong/CMakeFiles/CMakeTmp

Run Build Command:"/usr/local/bin/gmake" "cmTC_e1d9d/fast"
/usr/local/bin/gmake -f CMakeFiles/cmTC_e1d9d.dir/build.make CMakeFiles/cmTC_e1d9d.dir/build
gmake[1]: Entering directory '/usr/home/leo/src/pong/CMakeFiles/CMakeTmp'
Building CXX object CMakeFiles/cmTC_e1d9d.dir/feature_tests.cxx.o
/usr/bin/CC     -std=c++98 -o CMakeFiles/cmTC_e1d9d.dir/feature_tests.cxx.o -c /home/leo/src/pong/CMakeFiles/feature_tests.cxx
Linking CXX executable cmTC_e1d9d
/usr/local/bin/cmake -E cmake_link_script CMakeFiles/cmTC_e1d9d.dir/link.txt --verbose=1
/usr/bin/CC        CMakeFiles/cmTC_e1d9d.dir/feature_tests.cxx.o  -o cmTC_e1d9d  
gmake[1]: Leaving directory '/usr/home/leo/src/pong/CMakeFiles/CMakeTmp'


    Feature record: CXX_FEATURE:0cxx_aggregate_default_initializers
    Feature record: CXX_FEATURE:0cxx_alias_templates
    Feature record: CXX_FEATURE:0cxx_alignas
    Feature record: CXX_FEATURE:0cxx_alignof
    Feature record: CXX_FEATURE:0cxx_attributes
    Feature record: CXX_FEATURE:0cxx_attribute_deprecated
    Feature record: CXX_FEATURE:0cxx_auto_type
    Feature record: CXX_FEATURE:0cxx_binary_literals
    Feature record: CXX_FEATURE:0cxx_constexpr
    Feature record: CXX_FEATURE:0cxx_contextual_conversions
    Feature record: CXX_FEATURE:0cxx_decltype
    Feature record: CXX_FEATURE:0cxx_decltype_auto
    Feature record: CXX_FEATURE:0cxx_decltype_incomplete_return_types
    Feature record: CXX_FEATURE:0cxx_default_function_template_args
    Feature record: CXX_FEATURE:0cxx_defaulted_functions
    Feature record: CXX_FEATURE:0cxx_defaulted_move_initializers
    Feature record: CXX_FEATURE:0cxx_delegating_constructors
    Feature record: CXX_FEATURE:0cxx_deleted_functions
    Feature record: CXX_FEATURE:0cxx_digit_separators
    Feature record: CXX_FEATURE:0cxx_enum_forward_declarations
    Feature record: CXX_FEATURE:0cxx_explicit_conversions
    Feature record: CXX_FEATURE:0cxx_extended_friend_declarations
    Feature record: CXX_FEATURE:0cxx_extern_templates
    Feature record: CXX_FEATURE:0cxx_final
    Feature record: CXX_FEATURE:0cxx_func_identifier
    Feature record: CXX_FEATURE:0cxx_generalized_initializers
    Feature record: CXX_FEATURE:0cxx_generic_lambdas
    Feature record: CXX_FEATURE:0cxx_inheriting_constructors
    Feature record: CXX_FEATURE:0cxx_inline_namespaces
    Feature record: CXX_FEATURE:0cxx_lambdas
    Feature record: CXX_FEATURE:0cxx_lambda_init_captures
    Feature record: CXX_FEATURE:0cxx_local_type_template_args
    Feature record: CXX_FEATURE:0cxx_long_long_type
    Feature record: CXX_FEATURE:0cxx_noexcept
    Feature record: CXX_FEATURE:0cxx_nonstatic_member_init
    Feature record: CXX_FEATURE:0cxx_nullptr
    Feature record: CXX_FEATURE:0cxx_override
    Feature record: CXX_FEATURE:0cxx_range_for
    Feature record: CXX_FEATURE:0cxx_raw_string_literals
    Feature record: CXX_FEATURE:0cxx_reference_qualified_functions
    Feature record: CXX_FEATURE:0cxx_relaxed_constexpr
    Feature record: CXX_FEATURE:0cxx_return_type_deduction
    Feature record: CXX_FEATURE:0cxx_right_angle_brackets
    Feature record: CXX_FEATURE:0cxx_rvalue_references
    Feature record: CXX_FEATURE:0cxx_sizeof_member
    Feature record: CXX_FEATURE:0cxx_static_assert
    Feature record: CXX_FEATURE:0cxx_strong_enums
    Feature record: CXX_FEATURE:1cxx_template_template_parameters
    Feature record: CXX_FEATURE:0cxx_thread_local
    Feature record: CXX_FEATURE:0cxx_trailing_return_types
    Feature record: CXX_FEATURE:0cxx_unicode_literals
    Feature record: CXX_FEATURE:0cxx_uniform_initialization
    Feature record: CXX_FEATURE:0cxx_unrestricted_unions
    Feature record: CXX_FEATURE:0cxx_user_literals
    Feature record: CXX_FEATURE:0cxx_variable_templates
    Feature record: CXX_FEATURE:0cxx_variadic_macros
    Feature record: CXX_FEATURE:0cxx_variadic_templates
